<?xml version="1.0" encoding="UTF-8"?>
<testng-results ignored="0" total="1" passed="1" failed="0" skipped="0">
  <reporter-output>
  </reporter-output>
  <suite started-at="2025-10-24T14:59:46 IST" name="Surefire suite" finished-at="2025-10-24T14:59:47 IST" duration-ms="331">
    <groups>
    </groups>
    <test started-at="2025-10-24T14:59:46 IST" name="Surefire test" finished-at="2025-10-24T14:59:47 IST" duration-ms="331">
      <class name="apiTest.ITETest">
        <test-method signature="runTestCase()[pri:0, instance:apiTest.ITETest@327b636c]" started-at="2025-10-24T14:59:47 IST" name="runTestCase" finished-at="2025-10-24T14:59:47 IST" duration-ms="31" status="PASS">
          <reporter-output>
          </reporter-output>
        </test-method> <!-- runTestCase -->
      </class> <!-- apiTest.ITETest -->
    </test> <!-- Surefire test -->
  </suite> <!-- Surefire suite -->
</testng-results>
